<?xml version="1.0" encoding="UTF-8"?>
<testsuite xmlns:xsi="http://www.w3.org/2001/XMLSchema-instance" xsi:noNamespaceSchemaLocation="https://maven.apache.org/surefire/maven-surefire-plugin/xsd/surefire-test-report.xsd" version="3.0.2" name="com.example.StaySearch.StaySearchBackend.StaySearchBackendApplicationTests" time="12.77" tests="1" errors="0" skipped="0" failures="0">
  <properties>
[...]
</properties>
  <testcase name="contextLoads" classname="com.example.StaySearch.StaySearchBackend.StaySearchBackendApplicationTests" time="0.698">
    <system-out><![CDATA[01:50:50.020 [main] INFO org.springframework.test.context.support.AnnotationConfigContextLoaderUtils -- Could not detect default configuration classes for test class [com.example.StaySearch.StaySearchBackend.StaySearchBackendApplicationTests]: StaySearchBackendApplicationTests does not declare any static, non-private, non-final, nested classes annotated with @Configuration.
01:50:50.194 [main] INFO org.springframework.boot.test.context.SpringBootTestContextBootstrapper -- Found @SpringBootConfiguration com.example.StaySearch.StaySearchBackend.StaySearchBackendApplication for test class com.example.StaySearch.StaySearchBackend.StaySearchBackendApplicationTests
01:50:50.473 [main] INFO org.springframework.boot.devtools.restart.RestartApplicationListener -- Restart disabled due to context in which it is running

  .   ____          _            __ _ _
 /\\ / ___'_ __ _ _(_)_ __  __ _ \ \ \ \
( ( )\___ | '_ | '_| | '_ \/ _` | \ \ \ \
 \\/  ___)| |_)| | | | | || (_| |  ) ) ) )
  '  |____| .__|_| |_|_| |_\__, | / / / /
 =========|_|==============|___/=/_/_/_/

 :: Spring Boot ::       (v3.5.0-SNAPSHOT)

2025-03-19T01:50:51.260+05:30  INFO 14672 --- [StaySearchBackend] [           main] .e.S.S.StaySearchBackendApplicationTests : Starting StaySearchBackendApplicationTests using Java 22.0.2 with PID 14672 (started by risha in D:\Valliento\Projects\StaySearch\StaySearchBackend)
2025-03-19T01:50:51.267+05:30  INFO 14672 --- [StaySearchBackend] [           main] .e.S.S.StaySearchBackendApplicationTests : No active profile set, falling back to 1 default profile: "default"
2025-03-19T01:50:52.965+05:30  INFO 14672 --- [StaySearchBackend] [           main] .s.d.r.c.RepositoryConfigurationDelegate : Bootstrapping Spring Data JPA repositories in DEFAULT mode.
2025-03-19T01:50:53.154+05:30  INFO 14672 --- [StaySearchBackend] [           main] .s.d.r.c.RepositoryConfigurationDelegate : Finished Spring Data repository scanning in 159 ms. Found 2 JPA repository interfaces.
2025-03-19T01:50:54.214+05:30  INFO 14672 --- [StaySearchBackend] [           main] o.hibernate.jpa.internal.util.LogHelper  : HHH000204: Processing PersistenceUnitInfo [name: default]
2025-03-19T01:50:54.310+05:30  INFO 14672 --- [StaySearchBackend] [           main] org.hibernate.Version                    : HHH000412: Hibernate ORM core version 6.6.11.Final
2025-03-19T01:50:54.393+05:30  INFO 14672 --- [StaySearchBackend] [           main] o.h.c.internal.RegionFactoryInitiator    : HHH000026: Second-level cache disabled
2025-03-19T01:50:55.082+05:30  INFO 14672 --- [StaySearchBackend] [           main] o.s.o.j.p.SpringPersistenceUnitInfo      : No LoadTimeWeaver setup: ignoring JPA class transformer
2025-03-19T01:50:55.178+05:30  INFO 14672 --- [StaySearchBackend] [           main] com.zaxxer.hikari.HikariDataSource       : HikariPool-1 - Starting...
2025-03-19T01:50:57.780+05:30  INFO 14672 --- [StaySearchBackend] [           main] com.zaxxer.hikari.pool.HikariPool        : HikariPool-1 - Added connection com.mysql.cj.jdbc.ConnectionImpl@7b451bf4
2025-03-19T01:50:57.784+05:30  INFO 14672 --- [StaySearchBackend] [           main] com.zaxxer.hikari.HikariDataSource       : HikariPool-1 - Start completed.
2025-03-19T01:50:57.968+05:30  WARN 14672 --- [StaySearchBackend] [           main] org.hibernate.dialect.Dialect            : HHH000511: The 5.5.62 version for [org.hibernate.dialect.MySQLDialect] is no longer supported, hence certain features may not work properly. The minimum supported version is 8.0.0. Check the community dialects project for available legacy versions.
2025-03-19T01:50:58.002+05:30  INFO 14672 --- [StaySearchBackend] [           main] org.hibernate.orm.connections.pooling    : HHH10001005: Database info:
	Database JDBC URL [Connecting through datasource 'HikariDataSource (HikariPool-1)']
	Database driver: undefined/unknown
	Database version: 5.5.62
	Autocommit mode: undefined/unknown
	Isolation level: undefined/unknown
	Minimum pool size: undefined/unknown
	Maximum pool size: undefined/unknown
2025-03-19T01:50:58.914+05:30  INFO 14672 --- [StaySearchBackend] [           main] o.h.e.t.j.p.i.JtaPlatformInitiator       : HHH000489: No JTA platform available (set 'hibernate.transaction.jta.platform' to enable JTA platform integration)
2025-03-19T01:50:59.493+05:30  INFO 14672 --- [StaySearchBackend] [           main] j.LocalContainerEntityManagerFactoryBean : Initialized JPA EntityManagerFactory for persistence unit 'default'
2025-03-19T01:51:00.014+05:30  INFO 14672 --- [StaySearchBackend] [           main] o.s.d.j.r.query.QueryEnhancerFactory     : Hibernate is in classpath; If applicable, HQL parser will be used.
2025-03-19T01:51:01.142+05:30  WARN 14672 --- [StaySearchBackend] [           main] JpaBaseConfiguration$JpaWebConfiguration : spring.jpa.open-in-view is enabled by default. Therefore, database queries may be performed during view rendering. Explicitly configure spring.jpa.open-in-view to disable this warning
2025-03-19T01:51:01.780+05:30  INFO 14672 --- [StaySearchBackend] [           main] .e.S.S.StaySearchBackendApplicationTests : Started StaySearchBackendApplicationTests in 11.327 seconds (process running for 12.934)
]]></system-out>
    <system-err><![CDATA[Mockito is currently self-attaching to enable the inline-mock-maker. This will no longer work in future releases of the JDK. Please add Mockito as an agent to your build as described in Mockito's documentation: https://javadoc.io/doc/org.mockito/mockito-core/latest/org/mockito/Mockito.html#0.3
WARNING: A Java agent has been loaded dynamically (C:\Users\risha\.m2\repository\net\bytebuddy\byte-buddy-agent\1.17.2\byte-buddy-agent-1.17.2.jar)
WARNING: If a serviceability tool is in use, please run with -XX:+EnableDynamicAgentLoading to hide this warning
WARNING: If a serviceability tool is not in use, please run with -Djdk.instrument.traceUsage for more information
WARNING: Dynamic loading of agents will be disallowed by default in a future release
]]></system-err>
  </testcase>
</testsuite>